[debug] [2022-09-19T18:10:57.028Z] ----------------------------------------------------------------------
[debug] [2022-09-19T18:10:57.030Z] Command:       D:\pavel\nodejs\node.exe C:\Users\nagor\AppData\Roaming\npm\node_modules\firebase-tools\lib\bin\firebase.js init
[debug] [2022-09-19T18:10:57.030Z] CLI Version:   10.0.1
[debug] [2022-09-19T18:10:57.031Z] Platform:      win32
[debug] [2022-09-19T18:10:57.031Z] Node Version:  v16.15.1
[debug] [2022-09-19T18:10:57.032Z] Time:          Mon Sep 19 2022 21:10:57 GMT+0300 (Москва, стандартное время)
[debug] [2022-09-19T18:10:57.032Z] ----------------------------------------------------------------------
[debug] 
[debug] [2022-09-19T18:10:57.034Z] >>> [apiv2][query] GET https://firebase-public.firebaseio.com/cli.json [none]
[debug] [2022-09-19T18:10:57.052Z] > command requires scopes: ["email","openid","https://www.googleapis.com/auth/cloudplatformprojects.readonly","https://www.googleapis.com/auth/firebase","https://www.googleapis.com/auth/cloud-platform"]
[debug] [2022-09-19T18:10:57.052Z] > authorizing via signed-in user (pavelnagorsky@mail.ru)
[info] 
     ######## #### ########  ######## ########     ###     ######  ########
     ##        ##  ##     ## ##       ##     ##  ##   ##  ##       ##
     ######    ##  ########  ######   ########  #########  ######  ######
     ##        ##  ##    ##  ##       ##     ## ##     ##       ## ##
     ##       #### ##     ## ######## ########  ##     ##  ######  ########

You're about to initialize a Firebase project in this directory:

  D:\pavel\учеба\angular\scrum

[debug] [2022-09-19T18:10:57.391Z] <<< [apiv2][status] GET https://firebase-public.firebaseio.com/cli.json 200
[debug] [2022-09-19T18:10:57.392Z] <<< [apiv2][body] GET https://firebase-public.firebaseio.com/cli.json {"cloudBuildErrorAfter":1594252800000,"cloudBuildWarnAfter":1590019200000,"defaultNode10After":1594252800000,"minVersion":"3.0.5","node8DeploysDisabledAfter":1613390400000,"node8RuntimeDisabledAfter":1615809600000,"node8WarnAfter":1600128000000}
